<?xml version="1.0" encoding="UTF-8"?>
<!-- Generated by org.testng.reporters.JUnitXMLReporter -->
<testsuite ignored="0" hostname="MSI" failures="0" tests="7" name="Cruises Page Test" time="26.081" errors="0" timestamp="11 Apr 2021 12:06:01 GMT">
  <testcase classname="com.calculatetripcost.testcases.CruisesPageTestAndDeckPageTest" name="check_url" time="2.276"/>
  <testcase classname="com.calculatetripcost.testcases.CruisesPageTestAndDeckPageTest" name="TestHolidayHomesButton" time="0.086"/>
  <testcase classname="com.calculatetripcost.testcases.CruisesPageTestAndDeckPageTest" name="destination_test" time="11.945"/>
  <testcase classname="com.calculatetripcost.testcases.CruisesPageTestAndDeckPageTest" name="clickCruisesLinkTextTest" time="1.69"/>
  <testcase classname="com.calculatetripcost.testcases.CruisesPageTestAndDeckPageTest" name="clickCruisesLineTest" time="0.258"/>
  <testcase classname="com.calculatetripcost.testcases.CruisesPageTestAndDeckPageTest" name="clickCruiseShipTest" time="0.103"/>
  <testcase classname="com.calculatetripcost.testcases.CruisesPageTestAndDeckPageTest" name="clickSearchButton" time="7.842"/>
</testsuite> <!-- Cruises Page Test -->
