<?xml version="1.0" encoding="UTF-8"?>
<!-- Generated by org.testng.reporters.JUnitXMLReporter -->
<testsuite ignored="0" hostname="MSI" failures="0" tests="16" name="Nairobi Search Results Page" time="43.55" errors="0" timestamp="11 Apr 2021 12:05:35 GMT">
  <testcase classname="com.calculatetripcost.testcases.NairobiSearchResultsPageTest" name="check_url" time="2.923"/>
  <testcase classname="com.calculatetripcost.testcases.NairobiSearchResultsPageTest" name="TestHolidayHomesButton" time="0.067"/>
  <testcase classname="com.calculatetripcost.testcases.NairobiSearchResultsPageTest" name="destination_test" time="9.658"/>
  <testcase classname="com.calculatetripcost.testcases.NairobiSearchResultsPageTest" name="check_in_test" time="0.085"/>
  <testcase classname="com.calculatetripcost.testcases.NairobiSearchResultsPageTest" name="select_check_in_date_test" time="0.115"/>
  <testcase classname="com.calculatetripcost.testcases.NairobiSearchResultsPageTest" name="check_out_test" time="0.053"/>
  <testcase classname="com.calculatetripcost.testcases.NairobiSearchResultsPageTest" name="select_check_out_date_test" time="0.178"/>
  <testcase classname="com.calculatetripcost.testcases.NairobiSearchResultsPageTest" name="ClickGuestsDropDownTest" time="0.159"/>
  <testcase classname="com.calculatetripcost.testcases.NairobiSearchResultsPageTest" name="chooseNumberOfGuestsTest" time="0.162"/>
  <testcase classname="com.calculatetripcost.testcases.NairobiSearchResultsPageTest" name="clickApplyButtonTest" time="3.098"/>
  <testcase classname="com.calculatetripcost.testcases.NairobiSearchResultsPageTest" name="clickSortByTest" time="0.081"/>
  <testcase classname="com.calculatetripcost.testcases.NairobiSearchResultsPageTest" name="chooseSortBy" time="2.124"/>
  <testcase classname="com.calculatetripcost.testcases.NairobiSearchResultsPageTest" name="clickMoreOptionsTest" time="0.176"/>
  <testcase classname="com.calculatetripcost.testcases.NairobiSearchResultsPageTest" name="checkElevatorTest" time="3.241"/>
  <testcase classname="com.calculatetripcost.testcases.NairobiSearchResultsPageTest" name="writetoExcelTest" time="0.458"/>
  <testcase classname="com.calculatetripcost.testcases.NairobiSearchResultsPageTest" name="clickOnHolidayHomesNameLinksTest" time="19.015"/>
</testsuite> <!-- Nairobi Search Results Page -->
